2021-01-10 19:39:13,492 GithubApi INFO:Trying to connect to github API...
2021-01-10 19:40:34,733 GithubApi INFO:Connected to github API successfuly
2021-01-10 19:40:34,733 DataBase INFO:Trying to connect to postgres DB...
2021-01-10 19:40:34,873 DataBase INFO:Connected to DB successfuly
2021-01-10 19:40:34,873 __main__ INFO:Check if Commits Table exist on DB
2021-01-10 19:40:34,889 __main__ INFO:Commits Table Doesn't exist on DB
2021-01-10 19:40:34,889 DataBase INFO:Creating Commits Table in DB with last 10 commits...
2021-01-10 19:40:46,257 DataBase INFO:Commits Table Created successfuly
2021-01-10 19:40:46,257 __main__ INFO:Start Data Manipulation...
2021-01-10 19:40:46,452 DataManipulation INFO:Manipulating data to be non comulative...
2021-01-10 19:40:46,944 DataManipulation INFO:Removing Lat,Lang,Province columns...
2021-01-10 19:40:46,979 DataManipulation INFO:Aggregating data based on country column...
2021-01-10 19:40:47,008 DataBase INFO:Start loading data to DB...
2021-01-10 19:40:47,361 DataBase INFO:CountryRegion Dimension is successfuly updated
2021-01-10 19:40:48,743 DataBase INFO:Date Dimension is successfuly updated
2021-01-10 19:41:08,762 DataBase INFO:Fact Table is successfuly updated
2021-01-10 19:41:08,762 DataBase INFO:Data Tables in DB are successfuly updated according to source file...
2021-01-10 19:42:05,857 GithubApi INFO:Trying to connect to github API...
2021-01-10 19:43:41,677 GithubApi INFO:Connected to github API successfuly
2021-01-10 19:43:41,678 DataBase INFO:Trying to connect to postgres DB...
2021-01-10 19:43:41,851 DataBase INFO:Connected to DB successfuly
2021-01-10 19:43:41,852 __main__ INFO:Check if Commits Table exist on DB
2021-01-10 19:43:41,854 __main__ INFO:Commits Table exist on DB
2021-01-10 19:43:41,854 GithubApi INFO:Fetching source file last update date
2021-01-10 19:43:42,136 GithubApi INFO:Repository last updated in 1610267113.0
2021-01-10 19:43:42,138 DataBase INFO:Fetching DB last update date
2021-01-10 19:43:42,144 DataBase INFO:DB last updated in 1610265062.0
2021-01-10 19:43:42,145 __main__ INFO:.......Data in DB needs Update........
2021-01-10 19:43:42,298 __main__ INFO:Start Data Manipulation...
2021-01-10 19:43:42,299 DataManipulation INFO:Manipulating data to be non comulative...
2021-01-10 19:43:42,730 DataManipulation INFO:Removing Lat,Lang,Province columns...
2021-01-10 19:43:43,073 DataManipulation INFO:Aggregating data based on country column...
2021-01-10 19:43:43,107 DataBase INFO:Start loading data to DB...
2021-01-10 19:43:43,939 DataBase INFO:CountryRegion Dimension is successfuly updated
2021-01-10 19:43:45,356 DataBase INFO:Date Dimension is successfuly updated
2021-01-10 19:44:01,871 DataBase INFO:Fact Table is successfuly updated
2021-01-10 19:44:01,871 DataBase INFO:Data Tables in DB are successfuly updated according to source file...
2021-01-10 19:44:01,874 __main__ INFO:start updating Commits table to include the last commit date...
2021-01-10 19:44:03,284 __main__ INFO:Commits table is updated successfuly to include the last commit date...
2021-01-10 19:44:31,470 GithubApi INFO:Trying to connect to github API...
2021-01-10 19:46:04,577 GithubApi INFO:Connected to github API successfuly
2021-01-10 19:46:04,577 DataBase INFO:Trying to connect to postgres DB...
2021-01-10 19:46:04,720 DataBase INFO:Connected to DB successfuly
2021-01-10 19:46:04,720 __main__ INFO:Check if Commits Table exist on DB
2021-01-10 19:46:04,720 __main__ INFO:Commits Table exist on DB
2021-01-10 19:46:04,720 GithubApi INFO:Fetching source file last update date
2021-01-10 19:46:05,000 GithubApi INFO:Repository last updated in 1610267113.0
2021-01-10 19:46:05,000 DataBase INFO:Fetching DB last update date
2021-01-10 19:46:05,000 DataBase INFO:DB last updated in 1610267113.0
2021-01-10 19:46:05,000 __main__ INFO:DataBase is Already Updated To the Last Version Of The File...
